"../../../../../../Users/DanTheMan/repos/Crytography/VisualNovel/Content/2dSideScroller/Textures/2DBackgroundTile.uasset" 0
"../../../../../../Users/DanTheMan/repos/Crytography/VisualNovel/Content/2DSideScroller/Materials/PrototypingSpriteMaterial.uasset" 1
"../../../../../../Users/DanTheMan/repos/Crytography/VisualNovel/Content/2DSideScroller/Sprites/PrototypingSprite.uasset" 2
"../../../../../../Users/DanTheMan/repos/Crytography/VisualNovel/Content/2DSideScrollerBP/Assets/CharacterList.uasset" 3
"../../../../../../Users/DanTheMan/repos/Crytography/VisualNovel/Content/2DSideScrollerBP/VN_SceneStruct.uasset" 4
"../../../../../../Users/DanTheMan/repos/Crytography/VisualNovel/Content/2DSideScrollerBP/CryptoText.uasset" 5
"../../../../../../Users/DanTheMan/repos/Crytography/VisualNovel/Content/2DSideScrollerBP/CryptText.uasset" 6
"../../../../../../Users/DanTheMan/repos/Crytography/VisualNovel/Content/2DSideScrollerBP/Assets/Book.uasset" 7
"../../../../../../Users/DanTheMan/repos/Crytography/VisualNovel/Content/2DSideScrollerBP/Assets/Book_Sprite.uasset" 8
"../../../../../../Users/DanTheMan/repos/Crytography/VisualNovel/Content/2DSideScrollerBP/Assets/CaesarsShift.uasset" 9
"../../../../../../Users/DanTheMan/repos/Crytography/VisualNovel/Content/2DSideScrollerBP/Assets/Textbox_1.uasset" 10
"../../../../../../Users/DanTheMan/repos/Crytography/VisualNovel/Content/2DSideScrollerBP/Assets/TitleScreen.uasset" 11
"../../../../../../Users/DanTheMan/repos/Crytography/VisualNovel/Content/2DSideScrollerBP/Assets/TitleScreenBrush.uasset" 12
"../../../../../../Users/DanTheMan/repos/Crytography/VisualNovel/Content/StarterContent/Materials/M_Basic_Wall.uasset" 13
"../../../../../../Users/DanTheMan/repos/Crytography/VisualNovel/Content/StarterContent/Architecture/Pillar_50x500.uasset" 14
"../../../../../../Users/DanTheMan/repos/Crytography/VisualNovel/Content/StarterContent/Architecture/Wall_400x300.uasset" 15
"../../../../../../Users/DanTheMan/repos/Crytography/VisualNovel/Content/StarterContent/Architecture/Wall_400x400.uasset" 16
"../../../../../../Users/DanTheMan/repos/Crytography/VisualNovel/Content/StarterContent/Architecture/Wall_500x500.uasset" 17
"../../../../../../Users/DanTheMan/repos/Crytography/VisualNovel/Content/StarterContent/Architecture/Wall_Door_400x400.uasset" 18
"../../../../../../Users/DanTheMan/repos/Crytography/VisualNovel/Content/StarterContent/Architecture/Wall_Window_400x400.uasset" 19
"../../../../../../Users/DanTheMan/repos/Crytography/VisualNovel/Content/StarterContent/Audio/Collapse01.uasset" 20
"../../../../../../Users/DanTheMan/repos/Crytography/VisualNovel/Content/StarterContent/Audio/Collapse02.uasset" 21
"../../../../../../Users/DanTheMan/repos/Crytography/VisualNovel/Content/StarterContent/Audio/Explosion01.uasset" 22
"../../../../../../Users/DanTheMan/repos/Crytography/VisualNovel/Content/StarterContent/Audio/Explosion02.uasset" 23
"../../../../../../Users/DanTheMan/repos/Crytography/VisualNovel/Content/StarterContent/Audio/Fire01.uasset" 24
"../../../../../../Users/DanTheMan/repos/Crytography/VisualNovel/Content/StarterContent/Audio/Fire_Sparks01.uasset" 25
"../../../../../../Users/DanTheMan/repos/Crytography/VisualNovel/Content/StarterContent/Audio/Light01.uasset" 26
"../../../../../../Users/DanTheMan/repos/Crytography/VisualNovel/Content/StarterContent/Audio/Light01_Cue.uasset" 27
"../../../../../../Users/DanTheMan/repos/Crytography/VisualNovel/Content/StarterContent/Audio/Light02.uasset" 28
"../../../../../../Users/DanTheMan/repos/Crytography/VisualNovel/Content/StarterContent/Audio/Light02_Cue.uasset" 29
"../../../../../../Users/DanTheMan/repos/Crytography/VisualNovel/Content/StarterContent/Audio/Smoke01.uasset" 30
"../../../../../../Users/DanTheMan/repos/Crytography/VisualNovel/Content/StarterContent/Audio/Starter_Birds01.uasset" 31
"../../../../../../Users/DanTheMan/repos/Crytography/VisualNovel/Content/StarterContent/Audio/Starter_Music01.uasset" 32
"../../../../../../Users/DanTheMan/repos/Crytography/VisualNovel/Content/StarterContent/Audio/Starter_Wind05.uasset" 33
"../../../../../../Users/DanTheMan/repos/Crytography/VisualNovel/Content/StarterContent/Audio/Starter_Wind06.uasset" 34
"../../../../../../Users/DanTheMan/repos/Crytography/VisualNovel/Content/StarterContent/Audio/Steam01.uasset" 35
"../../../../../../Users/DanTheMan/repos/Crytography/VisualNovel/Content/StarterContent/Audio/Explosion_Cue.uasset" 36
"../../../../../../Users/DanTheMan/repos/Crytography/VisualNovel/Content/StarterContent/Textures/T_Burst_M.uasset" 37
"../../../../../../Users/DanTheMan/repos/Crytography/VisualNovel/Content/StarterContent/Particles/Materials/M_Burst.uasset" 38
"../../../../../../Users/DanTheMan/repos/Crytography/VisualNovel/Content/StarterContent/Textures/T_Explosion_SubUV.uasset" 39
"../../../../../../Users/DanTheMan/repos/Crytography/VisualNovel/Content/StarterContent/Particles/Materials/M_explosion_subUV.uasset" 40
"../../../../../../Users/DanTheMan/repos/Crytography/VisualNovel/Content/StarterContent/Particles/Materials/m_flare_01.uasset" 41
"../../../Engine/Content/Functions/Engine_MaterialFunctions01/Gradient/RadialGradient.uasset" 42
"../../../../../../Users/DanTheMan/repos/Crytography/VisualNovel/Content/StarterContent/Particles/Materials/M_radial_ramp.uasset" 43
"../../../../../../Users/DanTheMan/repos/Crytography/VisualNovel/Content/StarterContent/Textures/T_Smoke_SubUV.uasset" 44
"../../../../../../Users/DanTheMan/repos/Crytography/VisualNovel/Content/StarterContent/Textures/T_Smoke_Tiled_D.uasset" 45
"../../../../../../Users/DanTheMan/repos/Crytography/VisualNovel/Content/StarterContent/Particles/Materials/M_smoke_subUV.uasset" 46
"../../../../../../Users/DanTheMan/repos/Crytography/VisualNovel/Content/StarterContent/Particles/P_Explosion.uasset" 47
"../../../../../../Users/DanTheMan/repos/Crytography/VisualNovel/Content/StarterContent/Blueprints/Blueprint_Effect_Explosion.uasset" 48
"../../../Engine/Content/EditorMeshes/ColorCalibrator/T_ColorGrid.uasset" 49
"../../../../../../Users/DanTheMan/repos/Crytography/VisualNovel/Content/StarterContent/Materials/M_ColorGrid_LowSpec.uasset" 50
"../../../../../../Users/DanTheMan/repos/Crytography/VisualNovel/Content/StarterContent/Textures/T_Bush_D.uasset" 51
"../../../../../../Users/DanTheMan/repos/Crytography/VisualNovel/Content/StarterContent/Textures/T_Bush_N.uasset" 52
"../../../../../../Users/DanTheMan/repos/Crytography/VisualNovel/Content/StarterContent/Props/Materials/M_Bush.uasset" 53
"../../../../../../Users/DanTheMan/repos/Crytography/VisualNovel/Content/StarterContent/Props/SM_Bush.uasset" 54
"../../../../../../Users/DanTheMan/repos/Crytography/VisualNovel/Content/StarterContent/Textures/T_Chair_M.uasset" 55
"../../../../../../Users/DanTheMan/repos/Crytography/VisualNovel/Content/StarterContent/Textures/T_Chair_N.uasset" 56
"../../../../../../Users/DanTheMan/repos/Crytography/VisualNovel/Content/StarterContent/Props/Materials/M_Chair.uasset" 57
"../../../../../../Users/DanTheMan/repos/Crytography/VisualNovel/Content/StarterContent/Props/SM_Couch.uasset" 58
"../../../../../../Users/DanTheMan/repos/Crytography/VisualNovel/Content/StarterContent/Materials/M_Glass.uasset" 59
"../../../../../../Users/DanTheMan/repos/Crytography/VisualNovel/Content/StarterContent/Textures/T_Door_M.uasset" 60
"../../../../../../Users/DanTheMan/repos/Crytography/VisualNovel/Content/StarterContent/Textures/T_Door_N.uasset" 61
"../../../../../../Users/DanTheMan/repos/Crytography/VisualNovel/Content/StarterContent/Props/Materials/M_Door.uasset" 62
"../../../../../../Users/DanTheMan/repos/Crytography/VisualNovel/Content/StarterContent/Props/SM_Door.uasset" 63
"../../../../../../Users/DanTheMan/repos/Crytography/VisualNovel/Content/StarterContent/Props/Materials/M_MaterialSphere.uasset" 64
"../../../../../../Users/DanTheMan/repos/Crytography/VisualNovel/Content/StarterContent/Props/Materials/M_MaterialSphere_Plain.uasset" 65
"../../../../../../Users/DanTheMan/repos/Crytography/VisualNovel/Content/StarterContent/Props/SM_MatPreviewMesh_02.uasset" 66
"../../../Engine/Content/Functions/Engine_MaterialFunctions02/Utility/BlendAngleCorrectedNormals.uasset" 67
"../../../../../../Users/DanTheMan/repos/Crytography/VisualNovel/Content/StarterContent/Textures/T_Detail_Rocky_N.uasset" 68
"../../../../../../Users/DanTheMan/repos/Crytography/VisualNovel/Content/StarterContent/Textures/T_Rock_Basalt_D.uasset" 69
"../../../../../../Users/DanTheMan/repos/Crytography/VisualNovel/Content/StarterContent/Textures/T_RockMesh_M.uasset" 70
"../../../../../../Users/DanTheMan/repos/Crytography/VisualNovel/Content/StarterContent/Textures/T_RockMesh_N.uasset" 71
"../../../../../../Users/DanTheMan/repos/Crytography/VisualNovel/Content/StarterContent/Props/Materials/M_Rock.uasset" 72
"../../../../../../Users/DanTheMan/repos/Crytography/VisualNovel/Content/StarterContent/Props/SM_Rock.uasset" 73
"../../../../../../Users/DanTheMan/repos/Crytography/VisualNovel/Content/StarterContent/Textures/T_Shelf_M.uasset" 74
"../../../../../../Users/DanTheMan/repos/Crytography/VisualNovel/Content/StarterContent/Textures/T_Shelf_N.uasset" 75
"../../../../../../Users/DanTheMan/repos/Crytography/VisualNovel/Content/StarterContent/Props/Materials/M_Shelf.uasset" 76
"../../../../../../Users/DanTheMan/repos/Crytography/VisualNovel/Content/StarterContent/Props/SM_Shelf.uasset" 77
"../../../../../../Users/DanTheMan/repos/Crytography/VisualNovel/Content/StarterContent/Materials/M_Basic_Floor.uasset" 78
"../../../../../../Users/DanTheMan/repos/Crytography/VisualNovel/Content/StarterContent/Props/SM_Stairs.uasset" 79
"../../../../../../Users/DanTheMan/repos/Crytography/VisualNovel/Content/StarterContent/Shapes/Shape_Cone.uasset" 80
"../../../../../../Users/DanTheMan/repos/Crytography/VisualNovel/Content/StarterContent/Shapes/Shape_Cylinder.uasset" 81
"../../../../../../Users/DanTheMan/repos/Crytography/VisualNovel/Content/StarterContent/Shapes/Shape_NarrowCapsule.uasset" 82
"../../../../../../Users/DanTheMan/repos/Crytography/VisualNovel/Content/StarterContent/Shapes/Shape_Pipe.uasset" 83
"../../../../../../Users/DanTheMan/repos/Crytography/VisualNovel/Content/StarterContent/Shapes/Shape_Pipe_180.uasset" 84
"../../../../../../Users/DanTheMan/repos/Crytography/VisualNovel/Content/StarterContent/Shapes/Shape_Pipe_90.uasset" 85
"../../../../../../Users/DanTheMan/repos/Crytography/VisualNovel/Content/StarterContent/Shapes/Shape_Plane.uasset" 86
"../../../../../../Users/DanTheMan/repos/Crytography/VisualNovel/Content/StarterContent/Shapes/Shape_Torus.uasset" 87
"../../../../../../Users/DanTheMan/repos/Crytography/VisualNovel/Content/StarterContent/Shapes/Shape_Trim.uasset" 88
"../../../../../../Users/DanTheMan/repos/Crytography/VisualNovel/Content/StarterContent/Shapes/Shape_Trim_90_In.uasset" 89
"../../../../../../Users/DanTheMan/repos/Crytography/VisualNovel/Content/StarterContent/Shapes/Shape_Trim_90_Out.uasset" 90
"../../../../../../Users/DanTheMan/repos/Crytography/VisualNovel/Content/StarterContent/Shapes/Shape_TriPyramid.uasset" 91
"../../../../../../Users/DanTheMan/repos/Crytography/VisualNovel/Content/StarterContent/Shapes/Shape_Tube.uasset" 92
"../../../../../../Users/DanTheMan/repos/Crytography/VisualNovel/Content/StarterContent/Shapes/Shape_Wedge_A.uasset" 93
"../../../../../../Users/DanTheMan/repos/Crytography/VisualNovel/Content/StarterContent/Shapes/Shape_Wedge_B.uasset" 94
"../../../../../../Users/DanTheMan/repos/Crytography/VisualNovel/Content/StarterContent/Shapes/Shape_WideCapsule.uasset" 95
"../../../Engine/Content/Functions/Engine_MaterialFunctions01/Opacity/CameraDepthFade.uasset" 96
"../../../Engine/Content/EngineMaterials/T_Default_Material_Grid_M.uasset" 97
"../../../Engine/Content/EngineMaterials/T_Default_Material_Grid_N.uasset" 98
"../../../Engine/Content/EngineMaterials/WorldGridMaterial.uasset" 99
"../../../Engine/Content/ArtTools/RenderToTexture/Meshes/S_1_Unit_Plane.uasset" 100
"../../../Engine/Content/EngineMaterials/DefaultMaterial.uasset" 101
"../../../Engine/Content/BasicShapes/Cone.uasset" 102
"../../../Engine/Content/BasicShapes/Cube.uasset" 103
"../../../Engine/Content/BasicShapes/Cylinder.uasset" 104
"../../../Engine/Content/BasicShapes/Plane.uasset" 105
"../../../Engine/Content/BasicShapes/Sphere.uasset" 106
"../../../Engine/Content/EditorLandscapeResources/DataLayer.uasset" 107
"../../../Engine/Content/EditorMaterials/GizmoMaterial.uasset" 108
"../../../Engine/Content/EditorMaterials/MAT_Groups_Toggle.uasset" 109
"../../../Engine/Content/EditorMaterials/MAT_Groups_Visibility.uasset" 110
"../../../Engine/Content/EditorMaterials/PreviewShadowIndicator.uasset" 111
"../../../Engine/Content/EditorMaterials/PreviewShadowIndicatorMaterial.uasset" 112
"../../../Engine/Content/EditorMaterials/MatineeGroups/MAT_ColorTrack.uasset" 113
"../../../Engine/Content/EditorMaterials/MatineeGroups/MAT_Groups_Anim.uasset" 114
"../../../Engine/Content/EditorMaterials/MatineeGroups/MAT_Groups_AudioMaster.uasset" 115
"../../../Engine/Content/EditorMaterials/MatineeGroups/MAT_Groups_Director.uasset" 116
"../../../Engine/Content/EditorMaterials/MatineeGroups/MAT_Groups_Event.uasset" 117
"../../../Engine/Content/EditorMaterials/MatineeGroups/MAT_Groups_Fade.uasset" 118
"../../../Engine/Content/EditorMaterials/MatineeGroups/MAT_Groups_Float.uasset" 119
"../../../Engine/Content/EditorMaterials/MatineeGroups/MAT_Groups_Move.uasset" 120
"../../../Engine/Content/EditorMaterials/MatineeGroups/MAT_Groups_Slomo.uasset" 121
"../../../Engine/Content/EditorMaterials/MatineeGroups/MAT_Groups_Sound.uasset" 122
"../../../Engine/Content/EditorMaterials/MatineeGroups/MAT_Groups_Vector.uasset" 123
"../../../Engine/Content/EditorMaterials/ParticleSystems/PSysThumbnail_NoImage.uasset" 124
"../../../Engine/Content/EditorMaterials/ParticleSystems/PSysThumbnail_OOD.uasset" 125
"../../../Engine/Content/EditorMaterials/Camera/CineMat.uasset" 126
"../../../Engine/Content/EditorMaterials/Camera/MI_CineMat_Rig.uasset" 127
"../../../Engine/Content/EditorMeshes/Camera/SM_CraneRig_Arm.uasset" 128
"../../../Engine/Content/EditorMeshes/Camera/SM_CraneRig_Base.uasset" 129
"../../../Engine/Content/EditorMeshes/Camera/SM_CraneRig_Body.uasset" 130
"../../../Engine/Content/EditorMeshes/Camera/SM_CraneRig_Mount.uasset" 131
"../../../Engine/Content/EditorMeshes/Camera/SM_RailRig_Mount.uasset" 132
"../../../Engine/Content/EditorMeshes/Camera/SM_RailRig_Track.uasset" 133
"../../../Engine/Content/EditorResources/BSPVertex.uasset" 134
"../../../Engine/Content/EditorResources/EmptyActor.uasset" 135
"../../../Engine/Content/EditorResources/S_Actor.uasset" 136
"../../../Engine/Content/EditorResources/S_Trigger.uasset" 137
"../../../Engine/Content/EditorResources/AudioIcons/S_AudioComponent.uasset" 138
"../../../Engine/Content/EditorResources/AudioIcons/S_AudioComponent_AutoActivate.uasset" 139
"../../../Engine/Content/EditorResources/LightIcons/S_LightError.uasset" 140
"../../../Engine/Content/EditorResources/SequenceRecorder/Countdown.uasset" 141
"../../../Engine/Content/EditorResources/SequenceRecorder/RecordingIndicator.uasset" 142
"../../../Engine/Content/EditorSounds/Notifications/CompileFailed.uasset" 143
"../../../Engine/Content/EditorSounds/Notifications/CompileFailed_Cue.uasset" 144
"../../../Engine/Content/EditorSounds/Notifications/CompileSuccess.uasset" 145
"../../../Engine/Content/EditorSounds/Notifications/CompileStart_Cue.uasset" 146
"../../../Engine/Content/EditorSounds/Notifications/CompileSuccess_Cue.uasset" 147
"../../../Engine/Content/EngineDamageTypes/DmgTypeBP_Environmental.uasset" 148
"../../../Engine/Content/EngineDebugMaterials/HeatmapGradient.uasset" 149
"../../../Engine/Content/EngineDebugMaterials/BoneWeightMaterial.uasset" 150
"../../../Engine/Content/EngineDebugMaterials/ClothMaterial.uasset" 151
"../../../Engine/Content/EngineDebugMaterials/ClothMaterial_WF.uasset" 152
"../../../Engine/Content/EngineDebugMaterials/DebugEditorMaterial.uasset" 153
"../../../Engine/Content/EngineDebugMaterials/DebugMeshMaterial.uasset" 154
"../../../Engine/Content/EngineDebugMaterials/GeomMaterial.uasset" 155
"../../../Engine/Content/EngineDebugMaterials/M_SimpleTranslucent.uasset" 156
"../../../Engine/Content/EngineFonts/Faces/RobotoBold.uasset" 157
"../../../Engine/Content/EngineFonts/Faces/RobotoBoldItalic.uasset" 158
"../../../Engine/Content/EngineFonts/Faces/RobotoItalic.uasset" 159
"../../../Engine/Content/EngineFonts/Faces/RobotoLight.uasset" 160
"../../../Engine/Content/EngineFonts/Faces/RobotoRegular.uasset" 161
"../../../Engine/Content/EngineFonts/Roboto.uasset" 162
"../../../Engine/Content/EngineFonts/Faces/RobotoTiny.uasset" 163
"../../../Engine/Content/EngineFonts/RobotoTiny.uasset" 164
"../../../Engine/Content/EngineMaterials/BaseFlattenDiffuseMap.uasset" 165
"../../../Engine/Content/EngineMaterials/BaseFlattenEmissiveMap.uasset" 166
"../../../Engine/Content/EngineMaterials/BaseFlattenGrayscaleMap.uasset" 167
"../../../Engine/Content/EngineMaterials/BaseFlattenNormalMap.uasset" 168
"../../../Engine/Content/EngineMaterials/BaseFlattenMaterial.uasset" 169
"../../../Engine/Content/EngineMaterials/DefaultBloomKernel.uasset" 170
"../../../Engine/Content/EngineMaterials/DefaultBokeh.uasset" 171
"../../../Engine/Content/EngineMaterials/DefaultDiffuse.uasset" 172
"../../../Engine/Content/EngineMaterials/DefaultDeferredDecalMaterial.uasset" 173
"../../../Engine/Content/EngineMaterials/DefaultLightFunctionMaterial.uasset" 174
"../../../Engine/Content/EngineMaterials/DefaultPhysicalMaterial.uasset" 175
"../../../Engine/Content/Functions/Engine_MaterialFunctions02/Utility/BreakOutFloat2Components.uasset" 176
"../../../Engine/Content/EngineMaterials/DefaultPostProcessMaterial.uasset" 177
"../../../Engine/Content/EngineFonts/RobotoDistanceField.uasset" 178
"../../../Engine/Content/EngineMaterials/DefaultTextMaterialOpaque.uasset" 179
"../../../Engine/Content/EngineMaterials/DefaultWhiteGrid.uasset" 180
"../../../Engine/Content/EngineMaterials/EditorBrushMaterial.uasset" 181
"../../../Engine/Content/EngineMaterials/Good64x64TilingNoiseHighFreq.uasset" 182
"../../../Engine/Content/EngineMaterials/MiniFont.uasset" 183
"../../../Engine/Content/EngineMaterials/InvalidLightmapSettings.uasset" 184
"../../../Engine/Content/EngineMaterials/M_InvalidLightmapSettings.uasset" 185
"../../../Engine/Content/Functions/Engine_MaterialFunctions02/WorldPositionOffset/CameraOffset.uasset" 186
"../../../Engine/Content/EngineMaterials/PhAT_JointLimitMaterial.uasset" 187
"../../../Engine/Content/EngineMaterials/PreintegratedSkinBRDF.uasset" 188
"../../../Engine/Content/EngineMaterials/RemoveSurfaceMaterial.uasset" 189
"../../../Engine/Content/EngineMaterials/WeightMapPlaceholderTexture.uasset" 190
"../../../Engine/Content/EngineResources/WhiteSquareTexture.uasset" 191
"../../../Engine/Content/EngineMaterials/Widget3DPassThrough.uasset" 192
"../../../Engine/Content/EngineMaterials/Widget3DPassThrough_Masked.uasset" 193
"../../../Engine/Content/EngineMaterials/Widget3DPassThrough_Opaque.uasset" 194
"../../../Engine/Content/EngineMaterials/Widget3DPassThrough_Masked_OneSided.uasset" 195
"../../../Engine/Content/EngineMaterials/Widget3DPassThrough_Opaque_OneSided.uasset" 196
"../../../Engine/Content/EngineMaterials/Widget3DPassThrough_Translucent.uasset" 197
"../../../Engine/Content/EngineMaterials/Widget3DPassThrough_Translucent_OneSided.uasset" 198
"../../../Engine/Content/EngineMeshes/Cube.uasset" 199
"../../../Engine/Content/EngineMeshes/Cylinder.uasset" 200
"../../../Engine/Content/EngineMeshes/Sphere.uasset" 201
"../../../Engine/Content/EngineResources/Black.uasset" 202
"../../../Engine/Content/EngineResources/DefaultTexture.uasset" 203
"../../../Engine/Content/EngineResources/DefaultTextureCube.uasset" 204
"../../../Engine/Content/EngineResources/DefaultVolumeTexture2D.uasset" 205
"../../../Engine/Content/EngineResources/DefaultVolumeTexture.uasset" 206
"../../../Engine/Content/EngineResources/GradientTexture0.uasset" 207
"../../../Engine/Content/EngineSounds/Master.uasset" 208
"../../../Engine/Content/Functions/Engine_MaterialFunctions01/Shading/ConvertFromDiffSpec.uasset" 209
"../../../Engine/Content/Functions/Engine_MaterialFunctions01/Shading/PowerToRoughness.uasset" 210
"../../../Engine/Content/Maps/Templates/Thumbnails/Default.uasset" 211
"../../../Engine/Content/Maps/Templates/Thumbnails/VR-Basic.uasset" 212
"../../../Engine/Content/MobileResources/T_MobileControls_texture.uasset" 213
"../../../Engine/Content/MobileResources/T_MobileMenu2.uasset" 214
"../../../Engine/Content/MobileResources/HUD/AnalogHat.uasset" 215
"../../../Engine/Content/MobileResources/HUD/VirtualJoystick_Background.uasset" 216
"../../../Engine/Content/MobileResources/HUD/VirtualJoystick_Thumb.uasset" 217
"../../../Engine/Content/MobileResources/HUD/DefaultVirtualJoysticks.uasset" 218
"../../../Engine/Content/MobileResources/HUD/LeftVirtualJoystickOnly.uasset" 219
"../../../Engine/Content/MobileResources/HUD/MobileHUDButton1_off.uasset" 220
"../../../Engine/Content/MobileResources/HUD/MobileHUDButton1_on.uasset" 221
"../../../Engine/Content/MobileResources/HUD/MobileHUDButton2_off.uasset" 222
"../../../Engine/Content/MobileResources/HUD/MobileHUDButton2_on.uasset" 223
"../../../Engine/Content/MobileResources/HUD/MobileHUDButton3.uasset" 224
"../../../Engine/Content/MobileResources/HUD/MobileHUDButtonFire.uasset" 225
"../../../Engine/Content/MobileResources/HUD/MobileHUDDirectionPad.uasset" 226
"../../../Engine/Content/MobileResources/HUD/MobileHUDDirectionPad2.uasset" 227
"../../../Engine/Content/MobileResources/HUD/MobileHUDDirectionPad3.uasset" 228
"../../../Engine/Content/MobileResources/HUD/MobileHUDDirectionStick.uasset" 229
"../../../Engine/Content/MobileResources/HUD/T_Castle_ThumbstickInner.uasset" 230
"../../../Engine/Content/MobileResources/HUD/T_Castle_ThumbstickOutter.uasset" 231
"../../../Engine/Content/Tutorial/ContentIntroCurve.uasset" 232
"../../../Engine/Content/Tutorial/Basics/TutorialAssets/icon_tab_Levels_40x.uasset" 233
"../../../Engine/Content/Tutorial/BlueprintTutorials/TutorialAssets/Blueprint_64x.uasset" 234
"../../../Engine/Content/Tutorial/Landscape/TutorialAssets/Landscape.uasset" 235
"../../../Engine/Content/Tutorial/SubEditors/TutorialAssets/TutorialMaterial.uasset" 236
"../../../Engine/Content/VREditor/LaserPointer/VR_LaserPower_01.uasset" 237
"../../../Engine/Content/VREditor/TransformGizmo/TransformGizmoMaterial.uasset" 238
"../../../Engine/Content/VREditor/TransformGizmo/TranslucentTransformGizmoMaterial.uasset" 239
"../../../Engine/Content/VREditor/TransformGizmo/BoundingBoxCorner.uasset" 240
"../../../Engine/Content/VREditor/TransformGizmo/BoundingBoxEdge.uasset" 241
"../../../Engine/Content/VREditor/TransformGizmo/PlaneTranslationHandle.uasset" 242
"../../../Engine/Content/VREditor/TransformGizmo/Main.uasset" 243
"../../../Engine/Content/VREditor/TransformGizmo/Xray.uasset" 244
"../../../Engine/Content/VREditor/TransformGizmo/SM_Sequencer_Key.uasset" 245
"../../../Engine/Content/VREditor/TransformGizmo/SM_Sequencer_Node.uasset" 246
"../../Plugins/2D/Paper2D/Content/PlaceholderTextures/DummySpriteTexture.uasset" 247
"../../Plugins/2D/Paper2D/Content/DummySprite.uasset" 248
"../../Plugins/2D/Paper2D/Content/DefaultPaperTerrainMaterial.uasset" 249
"../../Plugins/2D/Paper2D/Content/DefaultSpriteMaterial.uasset" 250
"../../Plugins/2D/Paper2D/Content/MaskedUnlitSpriteMaterial.uasset" 251
"../../Plugins/Runtime/Oculus/OculusVR/Content/Materials/PokeAHoleMaterial.uasset" 252
"../../Plugins/Runtime/Oculus/OculusVR/Content/Textures/GearVRController_AO.uasset" 253
"../../Plugins/Runtime/Oculus/OculusVR/Content/Textures/GearVRController_Color.uasset" 254
"../../Plugins/Runtime/Oculus/OculusVR/Content/Textures/GearVRController_Normal.uasset" 255
"../../Plugins/Runtime/Oculus/OculusVR/Content/Materials/GearVRControllerMaterial.uasset" 256
"../../Plugins/Runtime/Oculus/OculusVR/Content/Meshes/GearVrController.uasset" 257
"../../Plugins/Runtime/Oculus/OculusVR/Content/Textures/touchController_albedo.uasset" 258
"../../Plugins/Runtime/Oculus/OculusVR/Content/Textures/touchController_controlmap.uasset" 259
"../../Plugins/Runtime/Oculus/OculusVR/Content/Materials/touchController_mat.uasset" 260
"../../Plugins/Runtime/Oculus/OculusVR/Content/Meshes/LeftTouchController.uasset" 261
"../../Plugins/Runtime/Oculus/OculusVR/Content/Meshes/RiftHMD.uasset" 262
"../../Plugins/Runtime/Oculus/OculusVR/Content/Meshes/RightTouchController.uasset" 263
"../../../Engine/Content/EditorBlueprintResources/StandardMacros.uasset" 264
"../../../../../../Users/DanTheMan/repos/Crytography/VisualNovel/Content/2DSideScrollerBP/CryptogText.uasset" 265
"../../../../../../Users/DanTheMan/repos/Crytography/VisualNovel/Content/2DSideScrollerBP/Blueprints/NPC_TouchClickActor.uasset" 266
"../../../../../../Users/DanTheMan/repos/Crytography/VisualNovel/Content/2DSideScrollerBP/Assets/BackgroundMusic.uasset" 267
"../../../../../../Users/DanTheMan/repos/Crytography/VisualNovel/Content/2DSideScrollerBP/Assets/Filmcrypob.uasset" 268
"../../../../../../Users/DanTheMan/repos/Crytography/VisualNovel/Content/2DSideScrollerBP/Assets/Filmcrypob_Font.uasset" 269
"../../../../../../Users/DanTheMan/repos/Crytography/VisualNovel/Content/2DSideScrollerBP/Assets/Filmcryptic.uasset" 270
"../../../../../../Users/DanTheMan/repos/Crytography/VisualNovel/Content/2DSideScrollerBP/Assets/Filmcryptic_Font.uasset" 271
"../../../../../../Users/DanTheMan/repos/Crytography/VisualNovel/Content/2DSideScrollerBP/Assets/Audrey.uasset" 272
"../../../../../../Users/DanTheMan/repos/Crytography/VisualNovel/Content/2DSideScrollerBP/Assets/Classroom.uasset" 273
"../../../../../../Users/DanTheMan/repos/Crytography/VisualNovel/Content/2DSideScrollerBP/Assets/Israel.uasset" 274
"../../../../../../Users/DanTheMan/repos/Crytography/VisualNovel/Content/2DSideScrollerBP/Assets/Library.uasset" 275
"../../../../../../Users/DanTheMan/repos/Crytography/VisualNovel/Content/2DSideScrollerBP/Assets/OldAmerica.uasset" 276
"../../../../../../Users/DanTheMan/repos/Crytography/VisualNovel/Content/2DSideScrollerBP/Assets/Pompeii.uasset" 277
"../../../../../../Users/DanTheMan/repos/Crytography/VisualNovel/Content/2DSideScrollerBP/Assets/Rome.uasset" 278
"../../../../../../Users/DanTheMan/repos/Crytography/VisualNovel/Content/2DSideScrollerBP/Assets/Scotland.uasset" 279
"../../../../../../Users/DanTheMan/repos/Crytography/VisualNovel/Content/2DSideScrollerBP/Assets/Teacher.uasset" 280
"../../../../../../Users/DanTheMan/repos/Crytography/VisualNovel/Content/2DSideScrollerBP/Assets/Tiffany.uasset" 281
"../../../../../../Users/DanTheMan/repos/Crytography/VisualNovel/Content/2DSideScrollerBP/Widgets/BackgroundImage.uasset" 282
"../../../../../../Users/DanTheMan/repos/Crytography/VisualNovel/Content/2DSideScrollerBP/Assets/Correct.uasset" 283
"../../../../../../Users/DanTheMan/repos/Crytography/VisualNovel/Content/2DSideScrollerBP/Assets/Correct-answer.uasset" 284
"../../../../../../Users/DanTheMan/repos/Crytography/VisualNovel/Content/2DSideScrollerBP/Assets/Incorrect.uasset" 285
"../../../../../../Users/DanTheMan/repos/Crytography/VisualNovel/Content/2DSideScrollerBP/Assets/Parchment.uasset" 286
"../../../../../../Users/DanTheMan/repos/Crytography/VisualNovel/Content/2DSideScrollerBP/Assets/Arrow.uasset" 287
"../../../../../../Users/DanTheMan/repos/Crytography/VisualNovel/Content/2DSideScrollerBP/Assets/LeftArrow.uasset" 288
"../../../../../../Users/DanTheMan/repos/Crytography/VisualNovel/Content/2DSideScrollerBP/Assets/OpenBook.uasset" 289
"../../../../../../Users/DanTheMan/repos/Crytography/VisualNovel/Content/2DSideScrollerBP/Assets/X_Symbol.uasset" 290
"../../../../../../Users/DanTheMan/repos/Crytography/VisualNovel/Content/2DSideScrollerBP/Widgets/Book.uasset" 291
"../../../../../../Users/DanTheMan/repos/Crytography/VisualNovel/Content/2DSideScrollerBP/Widgets/CryptographyGUI.uasset" 292
"../../../../../../Users/DanTheMan/repos/Crytography/VisualNovel/Content/2DSideScrollerBP/Widgets/CryptographyGUI2.uasset" 293
"../../../../../../Users/DanTheMan/repos/Crytography/VisualNovel/Content/2DSideScrollerBP/Widgets/CryptographyGUI3.uasset" 294
"../../../../../../Users/DanTheMan/repos/Crytography/VisualNovel/Content/2DSideScrollerBP/Widgets/CryptographyGUI4.uasset" 295
"../../../../../../Users/DanTheMan/repos/Crytography/VisualNovel/Content/2DSideScrollerBP/Assets/Textbox_2.uasset" 296
"../../../../../../Users/DanTheMan/repos/Crytography/VisualNovel/Content/2DSideScrollerBP/Widgets/DisplayDialogue.uasset" 297
"../../../../../../Users/DanTheMan/repos/Crytography/VisualNovel/Content/2DSideScrollerBP/Blueprints/SceneTemplate.uasset" 298
"../../../../../../Users/DanTheMan/repos/Crytography/VisualNovel/Content/2dSideScroller/Textures/2DCharacter_IdleAnimAtlas.uasset" 299
"../../../../../../Users/DanTheMan/repos/Crytography/VisualNovel/Content/2dSideScroller/Sprites/IdleFrames/IdleCycle1.uasset" 300
"../../../../../../Users/DanTheMan/repos/Crytography/VisualNovel/Content/2dSideScroller/Sprites/IdleFrames/IdleCycle2.uasset" 301
"../../../../../../Users/DanTheMan/repos/Crytography/VisualNovel/Content/2dSideScroller/Sprites/IdleFrames/IdleCycle3.uasset" 302
"../../../../../../Users/DanTheMan/repos/Crytography/VisualNovel/Content/2dSideScroller/Sprites/IdleFrames/IdleCycle4.uasset" 303
"../../../../../../Users/DanTheMan/repos/Crytography/VisualNovel/Content/2dSideScroller/Sprites/IdleFrames/IdleCycle5.uasset" 304
"../../../../../../Users/DanTheMan/repos/Crytography/VisualNovel/Content/2dSideScroller/Sprites/IdleFrames/IdleCycle6.uasset" 305
"../../../../../../Users/DanTheMan/repos/Crytography/VisualNovel/Content/2dSideScroller/Sprites/IdleFrames/IdleCycle7.uasset" 306
"../../../../../../Users/DanTheMan/repos/Crytography/VisualNovel/Content/2dSideScroller/Sprites/IdleFrames/IdleCycle8.uasset" 307
"../../../../../../Users/DanTheMan/repos/Crytography/VisualNovel/Content/2DSideScroller/Sprites/IdleAnimation.uasset" 308
"../../../../../../Users/DanTheMan/repos/Crytography/VisualNovel/Content/2dSideScroller/Textures/2DCharacter_RunAnimAtlas.uasset" 309
"../../../../../../Users/DanTheMan/repos/Crytography/VisualNovel/Content/2dSideScroller/Sprites/RunFrames/RunCycle_1.uasset" 310
"../../../../../../Users/DanTheMan/repos/Crytography/VisualNovel/Content/2dSideScroller/Sprites/RunFrames/RunCycle_10.uasset" 311
"../../../../../../Users/DanTheMan/repos/Crytography/VisualNovel/Content/2dSideScroller/Sprites/RunFrames/RunCycle_11.uasset" 312
"../../../../../../Users/DanTheMan/repos/Crytography/VisualNovel/Content/2dSideScroller/Sprites/RunFrames/RunCycle_12.uasset" 313
"../../../../../../Users/DanTheMan/repos/Crytography/VisualNovel/Content/2dSideScroller/Sprites/RunFrames/RunCycle_13.uasset" 314
"../../../../../../Users/DanTheMan/repos/Crytography/VisualNovel/Content/2dSideScroller/Sprites/RunFrames/RunCycle_14.uasset" 315
"../../../../../../Users/DanTheMan/repos/Crytography/VisualNovel/Content/2dSideScroller/Sprites/RunFrames/RunCycle_15.uasset" 316
"../../../../../../Users/DanTheMan/repos/Crytography/VisualNovel/Content/2dSideScroller/Sprites/RunFrames/RunCycle_16.uasset" 317
"../../../../../../Users/DanTheMan/repos/Crytography/VisualNovel/Content/2dSideScroller/Sprites/RunFrames/RunCycle_2.uasset" 318
"../../../../../../Users/DanTheMan/repos/Crytography/VisualNovel/Content/2dSideScroller/Sprites/RunFrames/RunCycle_3.uasset" 319
"../../../../../../Users/DanTheMan/repos/Crytography/VisualNovel/Content/2dSideScroller/Sprites/RunFrames/RunCycle_4.uasset" 320
"../../../../../../Users/DanTheMan/repos/Crytography/VisualNovel/Content/2dSideScroller/Sprites/RunFrames/RunCycle_5.uasset" 321
"../../../../../../Users/DanTheMan/repos/Crytography/VisualNovel/Content/2dSideScroller/Sprites/RunFrames/RunCycle_6.uasset" 322
"../../../../../../Users/DanTheMan/repos/Crytography/VisualNovel/Content/2dSideScroller/Sprites/RunFrames/RunCycle_7.uasset" 323
"../../../../../../Users/DanTheMan/repos/Crytography/VisualNovel/Content/2dSideScroller/Sprites/RunFrames/RunCycle_8.uasset" 324
"../../../../../../Users/DanTheMan/repos/Crytography/VisualNovel/Content/2dSideScroller/Sprites/RunFrames/RunCycle_9.uasset" 325
"../../../../../../Users/DanTheMan/repos/Crytography/VisualNovel/Content/2DSideScroller/Sprites/RunningAnimation.uasset" 326
"../../../../../../Users/DanTheMan/repos/Crytography/VisualNovel/Content/2DSideScrollerBP/Blueprints/2DSideScrollerCharacter.uasset" 327
"../../../../../../Users/DanTheMan/repos/Crytography/VisualNovel/Content/2DSideScrollerBP/Blueprints/2DSideScrollerGameMode.uasset" 328
"../../../../../../Users/DanTheMan/repos/Crytography/VisualNovel/Content/2DSideScrollerBP/Maps/2DSideScrollerExampleMap_BuiltData.uasset" 329
"../../../Engine/Content/MapTemplates/Bokeh_5Sides.uasset" 330
"../../../Engine/Content/MapTemplates/T_ScreenDirt02_w.uasset" 331
"../../Plugins/2D/Paper2D/Content/OpaqueUnlitSpriteMaterial.uasset" 332
"../../../../../../Users/DanTheMan/repos/Crytography/VisualNovel/Content/2dSideScroller/Textures/2DBackground.uasset" 333
"../../../../../../Users/DanTheMan/repos/Crytography/VisualNovel/Content/2DSideScroller/Sprites/Background_Sprite.uasset" 334
"../../../../../../Users/DanTheMan/repos/Crytography/VisualNovel/Content/2dSideScroller/Textures/2DBackgroundBlockAtlas.uasset" 335
"../../../../../../Users/DanTheMan/repos/Crytography/VisualNovel/Content/2DSideScroller/Sprites/Ledge.uasset" 336
"../../../../../../Users/DanTheMan/repos/Crytography/VisualNovel/Content/2DSideScrollerBP/Maps/2DSideScrollerExampleMap.umap" 337
"../../../../../../Users/DanTheMan/repos/Crytography/VisualNovel/Content/StarterContent/Blueprints/Assets/FogBrightnessLUT.uasset" 338
"../../../../../../Users/DanTheMan/repos/Crytography/VisualNovel/Content/StarterContent/Blueprints/Assets/SunlightColorLUT.uasset" 339
"../../../../../../Users/DanTheMan/repos/Crytography/VisualNovel/Content/StarterContent/Blueprints/Assets/M_LightStage_Arrows.uasset" 340
"../../../Engine/Content/MapTemplates/Sky/DaylightAmbientCubemap.uasset" 341
"../../../../../../Users/DanTheMan/repos/Crytography/VisualNovel/Content/StarterContent/Blueprints/Assets/M_LightStage_Skybox_Master.uasset" 342
"../../../../../../Users/DanTheMan/repos/Crytography/VisualNovel/Content/StarterContent/Blueprints/Assets/M_LightStage_Skybox_Black.uasset" 343
"../../../../../../Users/DanTheMan/repos/Crytography/VisualNovel/Content/StarterContent/Blueprints/Assets/M_LightStage_Skybox_HDRI.uasset" 344
"../../../Engine/Content/EditorMaterials/Thumbnails/SkySphereMaterial.uasset" 345
"../../../../../../Users/DanTheMan/repos/Crytography/VisualNovel/Content/StarterContent/Blueprints/Assets/Skybox.uasset" 346
"../../../../../../Users/DanTheMan/repos/Crytography/VisualNovel/Content/StarterContent/Blueprints/Assets/SM_Arrows.uasset" 347
"../../../../../../Users/DanTheMan/repos/Crytography/VisualNovel/Content/StarterContent/HDRI/HDRI_Epic_Courtyard_Daylight.uasset" 348
"../../../../../../Users/DanTheMan/repos/Crytography/VisualNovel/Content/StarterContent/Blueprints/BP_LightStudio.uasset" 349
"../../../../../../Users/DanTheMan/repos/Crytography/VisualNovel/Content/StarterContent/Maps/Advanced_Lighting_BuiltData.uasset" 350
"../../../../../../Users/DanTheMan/repos/Crytography/VisualNovel/Content/StarterContent/Materials/M_AssetPlatform.uasset" 351
"../../../Engine/Content/EditorMeshes/ColorCalibrator/M_ChromeBall.uasset" 352
"../../../Engine/Content/EditorMeshes/ColorCalibrator/M_ClearCoat.uasset" 353
"../../../Engine/Content/EditorMeshes/ColorCalibrator/M_ClearCoatBlack.uasset" 354
"../../../Engine/Content/EditorMeshes/ColorCalibrator/Color_checker.uasset" 355
"../../../Engine/Content/EditorMeshes/ColorCalibrator/M_ColorGrid.uasset" 356
"../../../Engine/Content/EditorMeshes/ColorCalibrator/M_GreyBall.uasset" 357
"../../../Engine/Content/EditorMeshes/ColorCalibrator/SM_ColorCalibrator.uasset" 358
"../../../../../../Users/DanTheMan/repos/Crytography/VisualNovel/Content/StarterContent/Architecture/SM_AssetPlatform.uasset" 359
"../../../../../../Users/DanTheMan/repos/Crytography/VisualNovel/Content/StarterContent/Maps/Advanced_Lighting.umap" 360
"../../../Engine/Content/EngineSky/C_Sky_Cloud_Color.uasset" 361
"../../../Engine/Content/EngineSky/C_Sky_Horizon_Color.uasset" 362
"../../../Engine/Content/EngineSky/C_Sky_Zenith_Color.uasset" 363
"../../../Engine/Content/EngineSky/T_Sky_Blue.uasset" 364
"../../../Engine/Content/EngineSky/T_Sky_Clouds_M.uasset" 365
"../../../Engine/Content/EngineSky/T_Sky_Stars.uasset" 366
"../../../Engine/Content/EngineSky/M_Sky_Panning_Clouds2.uasset" 367
"../../../Engine/Content/EngineSky/SM_SkySphere.uasset" 368
"../../../Engine/Content/EngineSky/BP_Sky_Sphere.uasset" 369
"../../../../../../Users/DanTheMan/repos/Crytography/VisualNovel/Content/StarterContent/Maps/Minimal_Default_BuiltData.uasset" 370
"../../../../../../Users/DanTheMan/repos/Crytography/VisualNovel/Content/StarterContent/Textures/T_MacroVariation.uasset" 371
"../../../../../../Users/DanTheMan/repos/Crytography/VisualNovel/Content/StarterContent/Materials/M_Metal_Brushed_Nickel.uasset" 372
"../../../../../../Users/DanTheMan/repos/Crytography/VisualNovel/Content/StarterContent/Textures/T_Metal_Aluminum_D.uasset" 373
"../../../../../../Users/DanTheMan/repos/Crytography/VisualNovel/Content/StarterContent/Textures/T_Metal_Gold_N.uasset" 374
"../../../../../../Users/DanTheMan/repos/Crytography/VisualNovel/Content/StarterContent/Materials/M_Metal_Burnished_Steel.uasset" 375
"../../../../../../Users/DanTheMan/repos/Crytography/VisualNovel/Content/StarterContent/Textures/T_Metal_Copper_D.uasset" 376
"../../../../../../Users/DanTheMan/repos/Crytography/VisualNovel/Content/StarterContent/Materials/M_Metal_Copper.uasset" 377
"../../../../../../Users/DanTheMan/repos/Crytography/VisualNovel/Content/StarterContent/Textures/T_Statue_M.uasset" 378
"../../../../../../Users/DanTheMan/repos/Crytography/VisualNovel/Content/StarterContent/Textures/T_Statue_N.uasset" 379
"../../../../../../Users/DanTheMan/repos/Crytography/VisualNovel/Content/StarterContent/Props/Materials/M_StatueGlass.uasset" 380
"../../../../../../Users/DanTheMan/repos/Crytography/VisualNovel/Content/StarterContent/Architecture/Floor_400x400.uasset" 381
"../../../../../../Users/DanTheMan/repos/Crytography/VisualNovel/Content/StarterContent/Audio/Starter_Background_Cue.uasset" 382
"../../../../../../Users/DanTheMan/repos/Crytography/VisualNovel/Content/StarterContent/Props/SM_Chair.uasset" 383
"../../../../../../Users/DanTheMan/repos/Crytography/VisualNovel/Content/StarterContent/Props/Materials/M_Statue.uasset" 384
"../../../../../../Users/DanTheMan/repos/Crytography/VisualNovel/Content/StarterContent/Props/SM_Statue.uasset" 385
"../../../../../../Users/DanTheMan/repos/Crytography/VisualNovel/Content/StarterContent/Textures/T_TableRound_M.uasset" 386
"../../../../../../Users/DanTheMan/repos/Crytography/VisualNovel/Content/StarterContent/Textures/T_TableRound_N.uasset" 387
"../../../../../../Users/DanTheMan/repos/Crytography/VisualNovel/Content/StarterContent/Props/Materials/M_TableRound.uasset" 388
"../../../../../../Users/DanTheMan/repos/Crytography/VisualNovel/Content/StarterContent/Props/SM_TableRound.uasset" 389
"../../../../../../Users/DanTheMan/repos/Crytography/VisualNovel/Content/StarterContent/Maps/Minimal_Default.umap" 390
"../../../../../../Users/DanTheMan/repos/Crytography/VisualNovel/Content/StarterContent/Audio/Fire01_Cue.uasset" 391
"../../../../../../Users/DanTheMan/repos/Crytography/VisualNovel/Content/StarterContent/Textures/T_Fire_SubUV.uasset" 392
"../../../../../../Users/DanTheMan/repos/Crytography/VisualNovel/Content/StarterContent/Textures/T_Fire_Tiled_D.uasset" 393
"../../../../../../Users/DanTheMan/repos/Crytography/VisualNovel/Content/StarterContent/Particles/Materials/M_Fire_SubUV.uasset" 394
"../../../../../../Users/DanTheMan/repos/Crytography/VisualNovel/Content/StarterContent/Textures/T_Water_N.uasset" 395
"../../../../../../Users/DanTheMan/repos/Crytography/VisualNovel/Content/StarterContent/Particles/Materials/M_Heat_Distortion.uasset" 396
"../../../../../../Users/DanTheMan/repos/Crytography/VisualNovel/Content/StarterContent/Particles/Materials/M_Radial_Gradient.uasset" 397
"../../../../../../Users/DanTheMan/repos/Crytography/VisualNovel/Content/StarterContent/Particles/P_Fire.uasset" 398
"../../../../../../Users/DanTheMan/repos/Crytography/VisualNovel/Content/StarterContent/Blueprints/Blueprint_Effect_Fire.uasset" 399
"../../../../../../Users/DanTheMan/repos/Crytography/VisualNovel/Content/StarterContent/Audio/Smoke01_Cue.uasset" 400
"../../../../../../Users/DanTheMan/repos/Crytography/VisualNovel/Content/StarterContent/Particles/P_Smoke.uasset" 401
"../../../../../../Users/DanTheMan/repos/Crytography/VisualNovel/Content/StarterContent/Blueprints/Blueprint_Effect_Smoke.uasset" 402
"../../../../../../Users/DanTheMan/repos/Crytography/VisualNovel/Content/StarterContent/Audio/Fire_Sparks01_Cue.uasset" 403
"../../../../../../Users/DanTheMan/repos/Crytography/VisualNovel/Content/StarterContent/Textures/T_Spark_Core.uasset" 404
"../../../../../../Users/DanTheMan/repos/Crytography/VisualNovel/Content/StarterContent/Particles/Materials/M_Spark.uasset" 405
"../../../../../../Users/DanTheMan/repos/Crytography/VisualNovel/Content/StarterContent/Particles/P_Sparks.uasset" 406
"../../../../../../Users/DanTheMan/repos/Crytography/VisualNovel/Content/StarterContent/Blueprints/Blueprint_Effect_Sparks.uasset" 407
"../../../../../../Users/DanTheMan/repos/Crytography/VisualNovel/Content/StarterContent/Audio/Steam01_Cue.uasset" 408
"../../../../../../Users/DanTheMan/repos/Crytography/VisualNovel/Content/StarterContent/Particles/P_Steam_Lit.uasset" 409
"../../../../../../Users/DanTheMan/repos/Crytography/VisualNovel/Content/StarterContent/Blueprints/Blueprint_Effect_Steam.uasset" 410
"../../../../../../Users/DanTheMan/repos/Crytography/VisualNovel/Content/StarterContent/Textures/T_Lamp_M.uasset" 411
"../../../../../../Users/DanTheMan/repos/Crytography/VisualNovel/Content/StarterContent/Textures/T_Lamp_N.uasset" 412
"../../../../../../Users/DanTheMan/repos/Crytography/VisualNovel/Content/StarterContent/Props/Materials/M_Lamp.uasset" 413
"../../../../../../Users/DanTheMan/repos/Crytography/VisualNovel/Content/StarterContent/Props/SM_Lamp_Ceiling.uasset" 414
"../../../../../../Users/DanTheMan/repos/Crytography/VisualNovel/Content/StarterContent/Blueprints/Blueprint_CeilingLight.uasset" 415
"../../../../../../Users/DanTheMan/repos/Crytography/VisualNovel/Content/StarterContent/Props/SM_Lamp_Wall.uasset" 416
"../../../../../../Users/DanTheMan/repos/Crytography/VisualNovel/Content/StarterContent/Blueprints/Blueprint_WallSconce.uasset" 417
"../../../../../../Users/DanTheMan/repos/Crytography/VisualNovel/Content/StarterContent/Maps/StarterMap_BuiltData.uasset" 418
"../../../Engine/Content/Functions/Engine_MaterialFunctions03/Procedurals/ComputeFilterWidth.uasset" 419
"../../../Engine/Content/EngineMaterials/AntiAliasedTextMaterialTranslucent.uasset" 420
"../../../../../../Users/DanTheMan/repos/Crytography/VisualNovel/Content/StarterContent/Textures/T_Brick_Clay_Beveled_D.uasset" 421
"../../../../../../Users/DanTheMan/repos/Crytography/VisualNovel/Content/StarterContent/Textures/T_Brick_Clay_Beveled_M.uasset" 422
"../../../../../../Users/DanTheMan/repos/Crytography/VisualNovel/Content/StarterContent/Textures/T_Brick_Clay_Beveled_N.uasset" 423
"../../../../../../Users/DanTheMan/repos/Crytography/VisualNovel/Content/StarterContent/Materials/M_Brick_Clay_Beveled.uasset" 424
"../../../../../../Users/DanTheMan/repos/Crytography/VisualNovel/Content/StarterContent/Textures/T_Brick_Clay_New_D.uasset" 425
"../../../../../../Users/DanTheMan/repos/Crytography/VisualNovel/Content/StarterContent/Textures/T_Brick_Clay_New_M.uasset" 426
"../../../../../../Users/DanTheMan/repos/Crytography/VisualNovel/Content/StarterContent/Textures/T_Brick_Clay_New_N.uasset" 427
"../../../../../../Users/DanTheMan/repos/Crytography/VisualNovel/Content/StarterContent/Materials/M_Brick_Clay_New.uasset" 428
"../../../../../../Users/DanTheMan/repos/Crytography/VisualNovel/Content/StarterContent/Textures/T_Brick_Clay_Old_D.uasset" 429
"../../../../../../Users/DanTheMan/repos/Crytography/VisualNovel/Content/StarterContent/Textures/T_Brick_Clay_Old_N.uasset" 430
"../../../../../../Users/DanTheMan/repos/Crytography/VisualNovel/Content/StarterContent/Textures/T_Perlin_Noise_M.uasset" 431
"../../../../../../Users/DanTheMan/repos/Crytography/VisualNovel/Content/StarterContent/Materials/M_Brick_Clay_Old.uasset" 432
"../../../../../../Users/DanTheMan/repos/Crytography/VisualNovel/Content/StarterContent/Textures/T_Brick_Cut_Stone_D.uasset" 433
"../../../../../../Users/DanTheMan/repos/Crytography/VisualNovel/Content/StarterContent/Textures/T_Brick_Cut_Stone_N.uasset" 434
"../../../../../../Users/DanTheMan/repos/Crytography/VisualNovel/Content/StarterContent/Materials/M_Brick_Cut_Stone.uasset" 435
"../../../../../../Users/DanTheMan/repos/Crytography/VisualNovel/Content/StarterContent/Textures/T_Brick_Hewn_Stone_D.uasset" 436
"../../../../../../Users/DanTheMan/repos/Crytography/VisualNovel/Content/StarterContent/Textures/T_Brick_Hewn_Stone_M.uasset" 437
"../../../../../../Users/DanTheMan/repos/Crytography/VisualNovel/Content/StarterContent/Textures/T_Brick_Hewn_Stone_N.uasset" 438
"../../../../../../Users/DanTheMan/repos/Crytography/VisualNovel/Content/StarterContent/Materials/M_Brick_Hewn_Stone.uasset" 439
"../../../../../../Users/DanTheMan/repos/Crytography/VisualNovel/Content/StarterContent/Textures/T_Ceramic_Tile_M.uasset" 440
"../../../../../../Users/DanTheMan/repos/Crytography/VisualNovel/Content/StarterContent/Textures/T_Ceramic_Tile_N.uasset" 441
"../../../../../../Users/DanTheMan/repos/Crytography/VisualNovel/Content/StarterContent/Textures/T_Rock_Marble_Polished_D.uasset" 442
"../../../../../../Users/DanTheMan/repos/Crytography/VisualNovel/Content/StarterContent/Materials/M_Ceramic_Tile_Checker.uasset" 443
"../../../../../../Users/DanTheMan/repos/Crytography/VisualNovel/Content/StarterContent/Textures/T_CobbleStone_Pebble_D.uasset" 444
"../../../../../../Users/DanTheMan/repos/Crytography/VisualNovel/Content/StarterContent/Textures/T_CobbleStone_Pebble_M.uasset" 445
"../../../../../../Users/DanTheMan/repos/Crytography/VisualNovel/Content/StarterContent/Textures/T_CobbleStone_Pebble_N.uasset" 446
"../../../../../../Users/DanTheMan/repos/Crytography/VisualNovel/Content/StarterContent/Materials/M_CobbleStone_Pebble.uasset" 447
"../../../../../../Users/DanTheMan/repos/Crytography/VisualNovel/Content/StarterContent/Textures/T_CobbleStone_Rough_D.uasset" 448
"../../../../../../Users/DanTheMan/repos/Crytography/VisualNovel/Content/StarterContent/Textures/T_CobbleStone_Rough_N.uasset" 449
"../../../../../../Users/DanTheMan/repos/Crytography/VisualNovel/Content/StarterContent/Textures/T_Gradinet_01.uasset" 450
"../../../../../../Users/DanTheMan/repos/Crytography/VisualNovel/Content/StarterContent/Textures/T_Rock_Smooth_Granite_D.uasset" 451
"../../../../../../Users/DanTheMan/repos/Crytography/VisualNovel/Content/StarterContent/Materials/M_CobbleStone_Rough.uasset" 452
"../../../../../../Users/DanTheMan/repos/Crytography/VisualNovel/Content/StarterContent/Textures/T_CobbleStone_Smooth_D.uasset" 453
"../../../../../../Users/DanTheMan/repos/Crytography/VisualNovel/Content/StarterContent/Textures/T_CobbleStone_Smooth_M.uasset" 454
"../../../../../../Users/DanTheMan/repos/Crytography/VisualNovel/Content/StarterContent/Textures/T_CobbleStone_Smooth_N.uasset" 455
"../../../../../../Users/DanTheMan/repos/Crytography/VisualNovel/Content/StarterContent/Materials/M_CobbleStone_Smooth.uasset" 456
"../../../../../../Users/DanTheMan/repos/Crytography/VisualNovel/Content/StarterContent/Textures/T_Concrete_Grime_D.uasset" 457
"../../../../../../Users/DanTheMan/repos/Crytography/VisualNovel/Content/StarterContent/Textures/T_Metal_Rust_N.uasset" 458
"../../../../../../Users/DanTheMan/repos/Crytography/VisualNovel/Content/StarterContent/Materials/M_Concrete_Grime.uasset" 459
"../../../../../../Users/DanTheMan/repos/Crytography/VisualNovel/Content/StarterContent/Textures/T_Concrete_Panels_D.uasset" 460
"../../../../../../Users/DanTheMan/repos/Crytography/VisualNovel/Content/StarterContent/Textures/T_Concrete_Panels_N.uasset" 461
"../../../../../../Users/DanTheMan/repos/Crytography/VisualNovel/Content/StarterContent/Materials/M_Concrete_Panels.uasset" 462
"../../../../../../Users/DanTheMan/repos/Crytography/VisualNovel/Content/StarterContent/Textures/T_Concrete_Poured_D.uasset" 463
"../../../../../../Users/DanTheMan/repos/Crytography/VisualNovel/Content/StarterContent/Textures/T_Concrete_Poured_N.uasset" 464
"../../../../../../Users/DanTheMan/repos/Crytography/VisualNovel/Content/StarterContent/Materials/M_Concrete_Poured.uasset" 465
"../../../../../../Users/DanTheMan/repos/Crytography/VisualNovel/Content/StarterContent/Textures/T_Concrete_Tiles_D.uasset" 466
"../../../../../../Users/DanTheMan/repos/Crytography/VisualNovel/Content/StarterContent/Textures/T_Concrete_Tiles_M.uasset" 467
"../../../../../../Users/DanTheMan/repos/Crytography/VisualNovel/Content/StarterContent/Textures/T_Concrete_Tiles_N.uasset" 468
"../../../../../../Users/DanTheMan/repos/Crytography/VisualNovel/Content/StarterContent/Textures/T_Concrete_Tiles_Variation_M.uasset" 469
"../../../../../../Users/DanTheMan/repos/Crytography/VisualNovel/Content/StarterContent/Materials/M_Concrete_Tiles.uasset" 470
"../../../../../../Users/DanTheMan/repos/Crytography/VisualNovel/Content/StarterContent/Textures/T_Ground_Grass_D.uasset" 471
"../../../../../../Users/DanTheMan/repos/Crytography/VisualNovel/Content/StarterContent/Textures/T_Ground_Grass_N.uasset" 472
"../../../../../../Users/DanTheMan/repos/Crytography/VisualNovel/Content/StarterContent/Materials/M_Ground_Grass.uasset" 473
"../../../../../../Users/DanTheMan/repos/Crytography/VisualNovel/Content/StarterContent/Textures/T_Ground_Gravel_D.uasset" 474
"../../../../../../Users/DanTheMan/repos/Crytography/VisualNovel/Content/StarterContent/Textures/T_Ground_Gravel_N.uasset" 475
"../../../../../../Users/DanTheMan/repos/Crytography/VisualNovel/Content/StarterContent/Materials/M_Ground_Gravel.uasset" 476
"../../../../../../Users/DanTheMan/repos/Crytography/VisualNovel/Content/StarterContent/Textures/T_ground_Moss_D.uasset" 477
"../../../../../../Users/DanTheMan/repos/Crytography/VisualNovel/Content/StarterContent/Textures/T_Ground_Moss_N.uasset" 478
"../../../../../../Users/DanTheMan/repos/Crytography/VisualNovel/Content/StarterContent/Materials/M_Ground_Moss.uasset" 479
"../../../../../../Users/DanTheMan/repos/Crytography/VisualNovel/Content/StarterContent/Materials/M_Metal_Chrome.uasset" 480
"../../../../../../Users/DanTheMan/repos/Crytography/VisualNovel/Content/StarterContent/Textures/T_Metal_Gold_D.uasset" 481
"../../../../../../Users/DanTheMan/repos/Crytography/VisualNovel/Content/StarterContent/Materials/M_Metal_Gold.uasset" 482
"../../../../../../Users/DanTheMan/repos/Crytography/VisualNovel/Content/StarterContent/Textures/T_Metal_Rust_D.uasset" 483
"../../../../../../Users/DanTheMan/repos/Crytography/VisualNovel/Content/StarterContent/Materials/M_Metal_Rust.uasset" 484
"../../../../../../Users/DanTheMan/repos/Crytography/VisualNovel/Content/StarterContent/Textures/T_Metal_Steel_D.uasset" 485
"../../../../../../Users/DanTheMan/repos/Crytography/VisualNovel/Content/StarterContent/Textures/T_Metal_Steel_N.uasset" 486
"../../../../../../Users/DanTheMan/repos/Crytography/VisualNovel/Content/StarterContent/Materials/M_Metal_Steel.uasset" 487
"../../../../../../Users/DanTheMan/repos/Crytography/VisualNovel/Content/StarterContent/Textures/T_Rock_Basalt_N.uasset" 488
"../../../../../../Users/DanTheMan/repos/Crytography/VisualNovel/Content/StarterContent/Materials/M_Rock_Basalt.uasset" 489
"../../../../../../Users/DanTheMan/repos/Crytography/VisualNovel/Content/StarterContent/Materials/M_Rock_Marble_Polished.uasset" 490
"../../../../../../Users/DanTheMan/repos/Crytography/VisualNovel/Content/StarterContent/Textures/T_Rock_Sandstone_D.uasset" 491
"../../../../../../Users/DanTheMan/repos/Crytography/VisualNovel/Content/StarterContent/Textures/T_Rock_Sandstone_N.uasset" 492
"../../../../../../Users/DanTheMan/repos/Crytography/VisualNovel/Content/StarterContent/Materials/M_Rock_Sandstone.uasset" 493
"../../../../../../Users/DanTheMan/repos/Crytography/VisualNovel/Content/StarterContent/Textures/T_Rock_Slate_D.uasset" 494
"../../../../../../Users/DanTheMan/repos/Crytography/VisualNovel/Content/StarterContent/Textures/T_Rock_Slate_N.uasset" 495
"../../../../../../Users/DanTheMan/repos/Crytography/VisualNovel/Content/StarterContent/Materials/M_Rock_Slate.uasset" 496
"../../../../../../Users/DanTheMan/repos/Crytography/VisualNovel/Content/StarterContent/Textures/T_Checker_Noise_M.uasset" 497
"../../../../../../Users/DanTheMan/repos/Crytography/VisualNovel/Content/StarterContent/Textures/T_Single_Tile_N.uasset" 498
"../../../../../../Users/DanTheMan/repos/Crytography/VisualNovel/Content/StarterContent/Textures/T_Tech_Dot_M.uasset" 499
"../../../../../../Users/DanTheMan/repos/Crytography/VisualNovel/Content/StarterContent/Textures/T_Tech_Dot_N.uasset" 500
"../../../../../../Users/DanTheMan/repos/Crytography/VisualNovel/Content/StarterContent/Materials/M_Tech_Checker_Dot.uasset" 501
"../../../../../../Users/DanTheMan/repos/Crytography/VisualNovel/Content/StarterContent/Textures/T_Tech_Hex_Tile_M.uasset" 502
"../../../../../../Users/DanTheMan/repos/Crytography/VisualNovel/Content/StarterContent/Textures/T_Tech_Hex_Tile_N.uasset" 503
"../../../../../../Users/DanTheMan/repos/Crytography/VisualNovel/Content/StarterContent/Materials/M_Tech_Hex_Tile.uasset" 504
"../../../../../../Users/DanTheMan/repos/Crytography/VisualNovel/Content/StarterContent/Materials/M_Tech_Hex_Tile_Pulse.uasset" 505
"../../../../../../Users/DanTheMan/repos/Crytography/VisualNovel/Content/StarterContent/Textures/T_Tech_Panel_M.uasset" 506
"../../../../../../Users/DanTheMan/repos/Crytography/VisualNovel/Content/StarterContent/Textures/T_Tech_Panel_N.uasset" 507
"../../../../../../Users/DanTheMan/repos/Crytography/VisualNovel/Content/StarterContent/Materials/M_Tech_Panel.uasset" 508
"../../../../../../Users/DanTheMan/repos/Crytography/VisualNovel/Content/StarterContent/Materials/M_Water_Lake.uasset" 509
"../../../../../../Users/DanTheMan/repos/Crytography/VisualNovel/Content/StarterContent/Textures/T_Water_M.uasset" 510
"../../../../../../Users/DanTheMan/repos/Crytography/VisualNovel/Content/StarterContent/Materials/M_Water_Ocean.uasset" 511
"../../../../../../Users/DanTheMan/repos/Crytography/VisualNovel/Content/StarterContent/Textures/T_Wood_Floor_Walnut_D.uasset" 512
"../../../../../../Users/DanTheMan/repos/Crytography/VisualNovel/Content/StarterContent/Textures/T_Wood_Floor_Walnut_M.uasset" 513
"../../../../../../Users/DanTheMan/repos/Crytography/VisualNovel/Content/StarterContent/Textures/T_Wood_Floor_Walnut_N.uasset" 514
"../../../../../../Users/DanTheMan/repos/Crytography/VisualNovel/Content/StarterContent/Materials/M_Wood_Floor_Walnut_Polished.uasset" 515
"../../../Engine/Content/Functions/Engine_MaterialFunctions01/Opacity/AlphaOffset.uasset" 516
"../../../../../../Users/DanTheMan/repos/Crytography/VisualNovel/Content/StarterContent/Materials/M_Wood_Floor_Walnut_Worn.uasset" 517
"../../../../../../Users/DanTheMan/repos/Crytography/VisualNovel/Content/StarterContent/Textures/T_Wood_Oak_D.uasset" 518
"../../../../../../Users/DanTheMan/repos/Crytography/VisualNovel/Content/StarterContent/Textures/T_Wood_Oak_N.uasset" 519
"../../../../../../Users/DanTheMan/repos/Crytography/VisualNovel/Content/StarterContent/Materials/M_Wood_Oak.uasset" 520
"../../../../../../Users/DanTheMan/repos/Crytography/VisualNovel/Content/StarterContent/Textures/T_Wood_Pine_D.uasset" 521
"../../../../../../Users/DanTheMan/repos/Crytography/VisualNovel/Content/StarterContent/Textures/T_Wood_Pine_N.uasset" 522
"../../../../../../Users/DanTheMan/repos/Crytography/VisualNovel/Content/StarterContent/Materials/M_Wood_Pine.uasset" 523
"../../../../../../Users/DanTheMan/repos/Crytography/VisualNovel/Content/StarterContent/Textures/T_Wood_Walnut_D.uasset" 524
"../../../../../../Users/DanTheMan/repos/Crytography/VisualNovel/Content/StarterContent/Textures/T_Wood_Walnut_N.uasset" 525
"../../../../../../Users/DanTheMan/repos/Crytography/VisualNovel/Content/StarterContent/Materials/M_Wood_Walnut.uasset" 526
"../../../../../../Users/DanTheMan/repos/Crytography/VisualNovel/Content/StarterContent/Architecture/Wall_400x200.uasset" 527
"../../../../../../Users/DanTheMan/repos/Crytography/VisualNovel/Content/StarterContent/Architecture/Wall_Door_400x300.uasset" 528
"../../../../../../Users/DanTheMan/repos/Crytography/VisualNovel/Content/StarterContent/Architecture/Wall_Window_400x300.uasset" 529
"../../../../../../Users/DanTheMan/repos/Crytography/VisualNovel/Content/StarterContent/Audio/Collapse_Cue.uasset" 530
"../../../../../../Users/DanTheMan/repos/Crytography/VisualNovel/Content/StarterContent/Audio/Starter_Music_Cue.uasset" 531
"../../../../../../Users/DanTheMan/repos/Crytography/VisualNovel/Content/StarterContent/Textures/T_Dust_Particle_D.uasset" 532
"../../../../../../Users/DanTheMan/repos/Crytography/VisualNovel/Content/StarterContent/Particles/Materials/M_Dust_Particle.uasset" 533
"../../../../../../Users/DanTheMan/repos/Crytography/VisualNovel/Content/StarterContent/Particles/P_Ambient_Dust.uasset" 534
"../../../../../../Users/DanTheMan/repos/Crytography/VisualNovel/Content/StarterContent/Props/MaterialSphere.uasset" 535
"../../../../../../Users/DanTheMan/repos/Crytography/VisualNovel/Content/StarterContent/Textures/T_Frame_M.uasset" 536
"../../../../../../Users/DanTheMan/repos/Crytography/VisualNovel/Content/StarterContent/Textures/T_Frame_N.uasset" 537
"../../../../../../Users/DanTheMan/repos/Crytography/VisualNovel/Content/StarterContent/Props/Materials/M_Frame.uasset" 538
"../../../../../../Users/DanTheMan/repos/Crytography/VisualNovel/Content/StarterContent/Props/SM_CornerFrame.uasset" 539
"../../../../../../Users/DanTheMan/repos/Crytography/VisualNovel/Content/StarterContent/Props/SM_DoorFrame.uasset" 540
"../../../../../../Users/DanTheMan/repos/Crytography/VisualNovel/Content/StarterContent/Props/SM_GlassWindow.uasset" 541
"../../../../../../Users/DanTheMan/repos/Crytography/VisualNovel/Content/StarterContent/Props/SM_PillarFrame.uasset" 542
"../../../../../../Users/DanTheMan/repos/Crytography/VisualNovel/Content/StarterContent/Props/SM_PillarFrame300.uasset" 543
"../../../../../../Users/DanTheMan/repos/Crytography/VisualNovel/Content/StarterContent/Props/SM_WindowFrame.uasset" 544
"../../../../../../Users/DanTheMan/repos/Crytography/VisualNovel/Content/StarterContent/Shapes/Shape_Cube.uasset" 545
"../../../../../../Users/DanTheMan/repos/Crytography/VisualNovel/Content/StarterContent/Shapes/Shape_QuadPyramid.uasset" 546
"../../../../../../Users/DanTheMan/repos/Crytography/VisualNovel/Content/StarterContent/Shapes/Shape_Sphere.uasset" 547
"../../../../../../Users/DanTheMan/repos/Crytography/VisualNovel/Content/StarterContent/Maps/StarterMap.umap" 548
"../../../Engine/Content/Maps/Entry_BuiltData.uasset" 549
"../../../Engine/Content/Maps/Entry.umap" 550
